<?xml version="1.0" encoding="UTF-8"?>
<!-- Generated by org.testng.reporters.JUnitReportReporter -->
<testsuite hostname="LIN-GL8LBK3" failures="0" tests="2" name="tests.TestExamples" time="6.402" errors="0" timestamp="2024-02-17T20:11:07 IST" skipped="0">
  <testcase classname="tests.TestExamples" name="test_1" time="3.340"/>
  <testcase classname="tests.TestExamples" name="test_2" time="3.062"/>
</testsuite> <!-- tests.TestExamples -->
