<?xml version="1.0" encoding="UTF-8"?>
<!-- Generated by org.testng.reporters.JUnitReportReporter -->
<testsuite hostname="LIN-GL8LBK3" failures="0" tests="2" name="tests.GetAndPostExamples" time="2.590" errors="0" timestamp="2024-02-17T22:24:23 IST" skipped="0">
  <testcase classname="tests.GetAndPostExamples" name="testGet" time="2.114"/>
  <testcase classname="tests.GetAndPostExamples" name="testPost" time="0.476"/>
</testsuite> <!-- tests.GetAndPostExamples -->
