<?xml version="1.0" encoding="UTF-8"?>
<!-- Generated by org.testng.reporters.JUnitReportReporter -->
<testsuite hostname="LIN-GL8LBK3" failures="0" tests="3" name="tests.PutPatchDeleteExamples" time="2.873" errors="0" timestamp="2024-02-18T12:16:09 IST" skipped="0">
  <testcase classname="tests.PutPatchDeleteExamples" name="testPut" time="0.502"/>
  <testcase classname="tests.PutPatchDeleteExamples" name="testDelete" time="1.836"/>
  <testcase classname="tests.PutPatchDeleteExamples" name="testPatch" time="0.535"/>
</testsuite> <!-- tests.PutPatchDeleteExamples -->
