<?xml version="1.0" encoding="UTF-8"?>
<!-- Generated by org.testng.reporters.JUnitReportReporter -->
<testsuite hostname="LIN-GL8LBK3" failures="0" tests="1" name="tests.TestExamples" time="1.731" errors="0" timestamp="2024-02-17T16:55:52 IST" skipped="0">
  <testcase classname="tests.TestExamples" name="test_1" time="1.731"/>
</testsuite> <!-- tests.TestExamples -->
